<?xml version="1.0" encoding="UTF-8"?>
<!-- Generated by org.testng.reporters.JUnitReportReporter -->
<testsuite hostname="DESKTOP-ATQDJA3" failures="0" tests="1" name="com.zoho.leads.CreateLeadTest" time="11.346" errors="0" timestamp="2021-09-17T23:55:37 IST" skipped="0">
  <testcase classname="com.zoho.leads.CreateLeadTest" name="CreatenewLead" time="11.346"/>
  <system-out/>
</testsuite> <!-- com.zoho.leads.CreateLeadTest -->
